<?xml version="1.0" encoding="utf-8"?>
<test-run id="2" name="Inheritance.DataStructure.exe" fullname="D:/обучение/Inheritance.DataStructure.csproj/bin/Debug/Inheritance.DataStructure.exe" testcasecount="13" result="Passed" start-time="2021-02-17 09:59:00Z" end-time="2021-02-17 09:59:00Z" duration="0.151884" total="13" passed="13" failed="0" inconclusive="0" skipped="0" asserts="157" random-seed="1480992951">
  <command-line><![CDATA["D:\обучение\Inheritance.DataStructure.csproj\bin\Debug\Inheritance.DataStructure.exe" ]]></command-line>
  <filter />
  <test-suite type="Assembly" id="1014" name="Inheritance.DataStructure.exe" fullname="D:/обучение/Inheritance.DataStructure.csproj/bin/Debug/Inheritance.DataStructure.exe" runstate="Runnable" testcasecount="13" result="Passed" start-time="2021-02-17 09:59:00Z" end-time="2021-02-17 09:59:00Z" duration="0.151884" total="13" passed="13" failed="0" warnings="0" inconclusive="0" skipped="0" asserts="157">
    <environment framework-version="3.6.0.0" clr-version="4.0.30319.42000" os-version="Microsoft Windows NT 6.2.9200.0" platform="Win32NT" cwd="D:\обучение\Inheritance.DataStructure.csproj\bin\Debug" machine-name="DESKTOP-1LCDLH7" user="user" user-domain="DESKTOP-1LCDLH7" culture="en-US" uiculture="ru-RU" os-architecture="x86" />
    <settings>
      <setting name="WorkDirectory" value="D:\обучение\Inheritance.DataStructure.csproj\bin\Debug" />
      <setting name="NumberOfTestWorkers" value="4" />
    </settings>
    <properties>
      <property name="_PID" value="1260" />
      <property name="_APPDOMAIN" value="Inheritance.DataStructure.exe" />
    </properties>
    <test-suite type="TestSuite" id="1015" name="Inheritance" fullname="Inheritance" runstate="Runnable" testcasecount="13" result="Passed" start-time="2021-02-17 09:59:00Z" end-time="2021-02-17 09:59:00Z" duration="0.114607" total="13" passed="13" failed="0" warnings="0" inconclusive="0" skipped="0" asserts="157">
      <test-suite type="TestSuite" id="1016" name="DataStructure" fullname="Inheritance.DataStructure" runstate="Runnable" testcasecount="13" result="Passed" start-time="2021-02-17 09:59:00Z" end-time="2021-02-17 09:59:00Z" duration="0.111203" total="13" passed="13" failed="0" warnings="0" inconclusive="0" skipped="0" asserts="157">
        <test-suite type="TestFixture" id="1000" name="Category_should" fullname="Inheritance.DataStructure.Category_should" classname="Inheritance.DataStructure.Category_should" runstate="Runnable" testcasecount="13" result="Passed" start-time="2021-02-17 09:59:00Z" end-time="2021-02-17 09:59:00Z" duration="0.104429" total="13" passed="13" failed="0" warnings="0" inconclusive="0" skipped="0" asserts="157">
          <test-case id="1012" name="CompareToNull" fullname="Inheritance.DataStructure.Category_should.CompareToNull" methodname="CompareToNull" classname="Inheritance.DataStructure.Category_should" runstate="Runnable" seed="1767740173" result="Passed" start-time="2021-02-17 09:59:00Z" end-time="2021-02-17 09:59:00Z" duration="0.020719" asserts="2" />
          <test-case id="1011" name="CompareToWithNullString" fullname="Inheritance.DataStructure.Category_should.CompareToWithNullString" methodname="CompareToWithNullString" classname="Inheritance.DataStructure.Category_should" runstate="Runnable" seed="1536207094" result="Passed" start-time="2021-02-17 09:59:00Z" end-time="2021-02-17 09:59:00Z" duration="0.000436" asserts="2" />
          <test-case id="1013" name="EqualsNull" fullname="Inheritance.DataStructure.Category_should.EqualsNull" methodname="EqualsNull" classname="Inheritance.DataStructure.Category_should" runstate="Runnable" seed="1278845934" result="Passed" start-time="2021-02-17 09:59:00Z" end-time="2021-02-17 09:59:00Z" duration="0.002615" asserts="1" />
          <test-case id="1009" name="GreaterThanlWithNull" fullname="Inheritance.DataStructure.Category_should.GreaterThanlWithNull" methodname="GreaterThanlWithNull" classname="Inheritance.DataStructure.Category_should" runstate="Runnable" seed="2058725272" result="Passed" start-time="2021-02-17 09:59:00Z" end-time="2021-02-17 09:59:00Z" duration="0.000840" asserts="2" />
          <test-case id="1010" name="GreaterThanOrEqualWithNull" fullname="Inheritance.DataStructure.Category_should.GreaterThanOrEqualWithNull" methodname="GreaterThanOrEqualWithNull" classname="Inheritance.DataStructure.Category_should" runstate="Runnable" seed="622874104" result="Passed" start-time="2021-02-17 09:59:00Z" end-time="2021-02-17 09:59:00Z" duration="0.000561" asserts="2" />
          <test-case id="1008" name="GreaterThanOrEqualWithNullString" fullname="Inheritance.DataStructure.Category_should.GreaterThanOrEqualWithNullString" methodname="GreaterThanOrEqualWithNullString" classname="Inheritance.DataStructure.Category_should" runstate="Runnable" seed="1970253338" result="Passed" start-time="2021-02-17 09:59:00Z" end-time="2021-02-17 09:59:00Z" duration="0.002893" asserts="2" />
          <test-case id="1007" name="GreaterThanWithNullString" fullname="Inheritance.DataStructure.Category_should.GreaterThanWithNullString" methodname="GreaterThanWithNullString" classname="Inheritance.DataStructure.Category_should" runstate="Runnable" seed="42705082" result="Passed" start-time="2021-02-17 09:59:00Z" end-time="2021-02-17 09:59:00Z" duration="0.000376" asserts="1" />
          <test-case id="1003" name="ImplementCompareToCorrectly" fullname="Inheritance.DataStructure.Category_should.ImplementCompareToCorrectly" methodname="ImplementCompareToCorrectly" classname="Inheritance.DataStructure.Category_should" runstate="Runnable" seed="1101452117" result="Passed" start-time="2021-02-17 09:59:00Z" end-time="2021-02-17 09:59:00Z" duration="0.001051" asserts="17" />
          <test-case id="1001" name="ImplementEqualsCorrectly" fullname="Inheritance.DataStructure.Category_should.ImplementEqualsCorrectly" methodname="ImplementEqualsCorrectly" classname="Inheritance.DataStructure.Category_should" runstate="Runnable" seed="1930834565" result="Passed" start-time="2021-02-17 09:59:00Z" end-time="2021-02-17 09:59:00Z" duration="0.001848" asserts="17" />
          <test-case id="1002" name="ImplementGetHashCodeCorrectly" fullname="Inheritance.DataStructure.Category_should.ImplementGetHashCodeCorrectly" methodname="ImplementGetHashCodeCorrectly" classname="Inheritance.DataStructure.Category_should" runstate="Runnable" seed="1833695521" result="Passed" start-time="2021-02-17 09:59:00Z" end-time="2021-02-17 09:59:00Z" duration="0.009624" asserts="13" />
          <test-case id="1005" name="ImplementIComparableInterface" fullname="Inheritance.DataStructure.Category_should.ImplementIComparableInterface" methodname="ImplementIComparableInterface" classname="Inheritance.DataStructure.Category_should" runstate="Runnable" seed="22004389" result="Passed" start-time="2021-02-17 09:59:00Z" end-time="2021-02-17 09:59:00Z" duration="0.000772" asserts="1" />
          <test-case id="1004" name="ImplementOperatorsCorrectly" fullname="Inheritance.DataStructure.Category_should.ImplementOperatorsCorrectly" methodname="ImplementOperatorsCorrectly" classname="Inheritance.DataStructure.Category_should" runstate="Runnable" seed="1008422091" result="Passed" start-time="2021-02-17 09:59:00Z" end-time="2021-02-17 09:59:00Z" duration="0.002501" asserts="96" />
          <test-case id="1006" name="ImplementToStringCorrectly" fullname="Inheritance.DataStructure.Category_should.ImplementToStringCorrectly" methodname="ImplementToStringCorrectly" classname="Inheritance.DataStructure.Category_should" runstate="Runnable" seed="615855508" result="Passed" start-time="2021-02-17 09:59:00Z" end-time="2021-02-17 09:59:00Z" duration="0.001067" asserts="1" />
        </test-suite>
      </test-suite>
    </test-suite>
  </test-suite>
</test-run>