<?xml version="1.0" encoding="utf-8"?>
<test-run id="2" name="Generics.Table.exe" fullname="D:/обучение/Generics.Tables.csproj/bin/Debug/Generics.Table.exe" testcasecount="14" result="Passed" start-time="2021-02-21 18:40:22Z" end-time="2021-02-21 18:40:56Z" duration="34.381447" total="14" passed="14" failed="0" inconclusive="0" skipped="0" asserts="24" random-seed="644764098">
  <command-line><![CDATA["D:\обучение\Generics.Tables.csproj\bin\Debug\Generics.Table.exe" ]]></command-line>
  <filter />
  <test-suite type="Assembly" id="1017" name="Generics.Table.exe" fullname="D:/обучение/Generics.Tables.csproj/bin/Debug/Generics.Table.exe" runstate="Runnable" testcasecount="14" result="Passed" start-time="2021-02-21 18:40:22Z" end-time="2021-02-21 18:40:56Z" duration="34.381447" total="14" passed="14" failed="0" warnings="0" inconclusive="0" skipped="0" asserts="24">
    <environment framework-version="3.6.0.0" clr-version="4.0.30319.42000" os-version="Microsoft Windows NT 6.2.9200.0" platform="Win32NT" cwd="D:\обучение\Generics.Tables.csproj\bin\Debug" machine-name="DESKTOP-1LCDLH7" user="user" user-domain="DESKTOP-1LCDLH7" culture="en-US" uiculture="ru-RU" os-architecture="x86" />
    <settings>
      <setting name="WorkDirectory" value="D:\обучение\Generics.Tables.csproj\bin\Debug" />
      <setting name="NumberOfTestWorkers" value="4" />
    </settings>
    <properties>
      <property name="_PID" value="12436" />
      <property name="_APPDOMAIN" value="Generics.Table.exe" />
    </properties>
    <test-suite type="TestSuite" id="1018" name="Generics" fullname="Generics" runstate="Runnable" testcasecount="14" result="Passed" start-time="2021-02-21 18:40:22Z" end-time="2021-02-21 18:40:56Z" duration="34.363882" total="14" passed="14" failed="0" warnings="0" inconclusive="0" skipped="0" asserts="24">
      <test-suite type="TestSuite" id="1019" name="Tables" fullname="Generics.Tables" runstate="Runnable" testcasecount="14" result="Passed" start-time="2021-02-21 18:40:22Z" end-time="2021-02-21 18:40:56Z" duration="34.358741" total="14" passed="14" failed="0" warnings="0" inconclusive="0" skipped="0" asserts="24">
        <test-suite type="TestFixture" id="1013" name="TableBothIndices_should" fullname="Generics.Tables.TableBothIndices_should" classname="Generics.Tables.TableBothIndices_should" runstate="Runnable" testcasecount="3" result="Passed" start-time="2021-02-21 18:40:22Z" end-time="2021-02-21 18:40:25Z" duration="3.616974" total="3" passed="3" failed="0" warnings="0" inconclusive="0" skipped="0" asserts="3">
          <test-case id="1014" name="WorkTogether1" fullname="Generics.Tables.TableBothIndices_should.WorkTogether1" methodname="WorkTogether1" classname="Generics.Tables.TableBothIndices_should" runstate="Runnable" seed="1588768312" result="Passed" start-time="2021-02-21 18:40:22Z" end-time="2021-02-21 18:40:23Z" duration="1.656376" asserts="1" />
          <test-case id="1015" name="WorkTogether2" fullname="Generics.Tables.TableBothIndices_should.WorkTogether2" methodname="WorkTogether2" classname="Generics.Tables.TableBothIndices_should" runstate="Runnable" seed="1376960682" result="Passed" start-time="2021-02-21 18:40:23Z" end-time="2021-02-21 18:40:24Z" duration="0.506826" asserts="1" />
          <test-case id="1016" name="WorkTogether3" fullname="Generics.Tables.TableBothIndices_should.WorkTogether3" methodname="WorkTogether3" classname="Generics.Tables.TableBothIndices_should" runstate="Runnable" seed="1517278783" result="Passed" start-time="2021-02-21 18:40:24Z" end-time="2021-02-21 18:40:25Z" duration="1.393736" asserts="1" />
        </test-suite>
        <test-suite type="TestFixture" id="1006" name="TableExistedIndex_should" fullname="Generics.Tables.TableExistedIndex_should" classname="Generics.Tables.TableExistedIndex_should" runstate="Runnable" testcasecount="6" result="Passed" start-time="2021-02-21 18:40:25Z" end-time="2021-02-21 18:40:44Z" duration="18.606553" total="6" passed="6" failed="0" warnings="0" inconclusive="0" skipped="0" asserts="6">
          <test-case id="1008" name="FailIfGettingFromNonExistingColumn" fullname="Generics.Tables.TableExistedIndex_should.FailIfGettingFromNonExistingColumn" methodname="FailIfGettingFromNonExistingColumn" classname="Generics.Tables.TableExistedIndex_should" runstate="Runnable" seed="681908294" result="Passed" start-time="2021-02-21 18:40:25Z" end-time="2021-02-21 18:40:26Z" duration="0.948148" asserts="1" />
          <test-case id="1007" name="FailIfGettingFromNonExistingRow" fullname="Generics.Tables.TableExistedIndex_should.FailIfGettingFromNonExistingRow" methodname="FailIfGettingFromNonExistingRow" classname="Generics.Tables.TableExistedIndex_should" runstate="Runnable" seed="1854903780" result="Passed" start-time="2021-02-21 18:40:26Z" end-time="2021-02-21 18:40:27Z" duration="1.054875" asserts="1" />
          <test-case id="1010" name="FailIfSettingToNonExistingColumn" fullname="Generics.Tables.TableExistedIndex_should.FailIfSettingToNonExistingColumn" methodname="FailIfSettingToNonExistingColumn" classname="Generics.Tables.TableExistedIndex_should" runstate="Runnable" seed="964705144" result="Passed" start-time="2021-02-21 18:40:27Z" end-time="2021-02-21 18:40:31Z" duration="3.742629" asserts="1" />
          <test-case id="1009" name="FailIfSettingToNonExistingRow" fullname="Generics.Tables.TableExistedIndex_should.FailIfSettingToNonExistingRow" methodname="FailIfSettingToNonExistingRow" classname="Generics.Tables.TableExistedIndex_should" runstate="Runnable" seed="202835378" result="Passed" start-time="2021-02-21 18:40:31Z" end-time="2021-02-21 18:40:32Z" duration="1.270504" asserts="1" />
          <test-case id="1012" name="GetDefaultIfNoValueSet" fullname="Generics.Tables.TableExistedIndex_should.GetDefaultIfNoValueSet" methodname="GetDefaultIfNoValueSet" classname="Generics.Tables.TableExistedIndex_should" runstate="Runnable" seed="1084000083" result="Passed" start-time="2021-02-21 18:40:32Z" end-time="2021-02-21 18:40:39Z" duration="7.104687" asserts="1" />
          <test-case id="1011" name="SetToExistedRowAndColumn" fullname="Generics.Tables.TableExistedIndex_should.SetToExistedRowAndColumn" methodname="SetToExistedRowAndColumn" classname="Generics.Tables.TableExistedIndex_should" runstate="Runnable" seed="1441297405" result="Passed" start-time="2021-02-21 18:40:39Z" end-time="2021-02-21 18:40:44Z" duration="4.464092" asserts="1" />
        </test-suite>
        <test-suite type="TestFixture" id="1000" name="TableOpenIndex_should" fullname="Generics.Tables.TableOpenIndex_should" classname="Generics.Tables.TableOpenIndex_should" runstate="Runnable" testcasecount="5" result="Passed" start-time="2021-02-21 18:40:44Z" end-time="2021-02-21 18:40:56Z" duration="12.119712" total="5" passed="5" failed="0" warnings="0" inconclusive="0" skipped="0" asserts="15">
          <test-case id="1001" name="AddColumnsAndRows" fullname="Generics.Tables.TableOpenIndex_should.AddColumnsAndRows" methodname="AddColumnsAndRows" classname="Generics.Tables.TableOpenIndex_should" runstate="Runnable" seed="499910447" result="Passed" start-time="2021-02-21 18:40:44Z" end-time="2021-02-21 18:40:53Z" duration="8.598993" asserts="3" />
          <test-case id="1002" name="DontAddExistedColumnsAndRows1" fullname="Generics.Tables.TableOpenIndex_should.DontAddExistedColumnsAndRows1" methodname="DontAddExistedColumnsAndRows1" classname="Generics.Tables.TableOpenIndex_should" runstate="Runnable" seed="466005887" result="Passed" start-time="2021-02-21 18:40:53Z" end-time="2021-02-21 18:40:54Z" duration="1.214088" asserts="3" />
          <test-case id="1003" name="DontAddExistedColumnsAndRows2" fullname="Generics.Tables.TableOpenIndex_should.DontAddExistedColumnsAndRows2" methodname="DontAddExistedColumnsAndRows2" classname="Generics.Tables.TableOpenIndex_should" runstate="Runnable" seed="1054139630" result="Passed" start-time="2021-02-21 18:40:54Z" end-time="2021-02-21 18:40:55Z" duration="0.728259" asserts="3" />
          <test-case id="1004" name="ReturnDefaultIfNoValueSet1" fullname="Generics.Tables.TableOpenIndex_should.ReturnDefaultIfNoValueSet1" methodname="ReturnDefaultIfNoValueSet1" classname="Generics.Tables.TableOpenIndex_should" runstate="Runnable" seed="1388061342" result="Passed" start-time="2021-02-21 18:40:55Z" end-time="2021-02-21 18:40:55Z" duration="0.752517" asserts="3" />
          <test-case id="1005" name="ReturnDefaultIfNoValueSet2" fullname="Generics.Tables.TableOpenIndex_should.ReturnDefaultIfNoValueSet2" methodname="ReturnDefaultIfNoValueSet2" classname="Generics.Tables.TableOpenIndex_should" runstate="Runnable" seed="1383394003" result="Passed" start-time="2021-02-21 18:40:55Z" end-time="2021-02-21 18:40:56Z" duration="0.807797" asserts="3" />
        </test-suite>
      </test-suite>
    </test-suite>
  </test-suite>
</test-run>