<?xml version="1.0" encoding="utf-8"?>
<test-run id="2" name="Incapsulation.RationalNumbers.exe" fullname="D:/обучение/Incapsulation.RationalNumbers.csproj/bin/Debug/Incapsulation.RationalNumbers.exe" testcasecount="48" result="Passed" start-time="2021-02-13 13:01:30Z" end-time="2021-02-13 13:03:34Z" duration="123.685194" total="48" passed="48" failed="0" inconclusive="0" skipped="0" asserts="88" random-seed="2023564131">
  <command-line><![CDATA["D:\обучение\Incapsulation.RationalNumbers.csproj\bin\Debug\Incapsulation.RationalNumbers.exe" ]]></command-line>
  <filter />
  <test-suite type="Assembly" id="1053" name="Incapsulation.RationalNumbers.exe" fullname="D:/обучение/Incapsulation.RationalNumbers.csproj/bin/Debug/Incapsulation.RationalNumbers.exe" runstate="Runnable" testcasecount="48" result="Passed" start-time="2021-02-13 13:01:30Z" end-time="2021-02-13 13:03:34Z" duration="123.685194" total="48" passed="48" failed="0" warnings="0" inconclusive="0" skipped="0" asserts="88">
    <environment framework-version="3.6.0.0" clr-version="4.0.30319.42000" os-version="Microsoft Windows NT 6.2.9200.0" platform="Win32NT" cwd="D:\обучение\Incapsulation.RationalNumbers.csproj\bin\Debug" machine-name="DESKTOP-1LCDLH7" user="user" user-domain="DESKTOP-1LCDLH7" culture="en-US" uiculture="ru-RU" os-architecture="x86" />
    <settings>
      <setting name="WorkDirectory" value="D:\обучение\Incapsulation.RationalNumbers.csproj\bin\Debug" />
      <setting name="NumberOfTestWorkers" value="4" />
    </settings>
    <properties>
      <property name="_PID" value="8816" />
      <property name="_APPDOMAIN" value="Incapsulation.RationalNumbers.exe" />
    </properties>
    <test-suite type="TestSuite" id="1054" name="Incapsulation" fullname="Incapsulation" runstate="Runnable" testcasecount="48" result="Passed" start-time="2021-02-13 13:01:30Z" end-time="2021-02-13 13:03:34Z" duration="123.672450" total="48" passed="48" failed="0" warnings="0" inconclusive="0" skipped="0" asserts="88">
      <test-suite type="TestSuite" id="1055" name="RationalNumbers" fullname="Incapsulation.RationalNumbers" runstate="Runnable" testcasecount="48" result="Passed" start-time="2021-02-13 13:01:30Z" end-time="2021-02-13 13:03:34Z" duration="123.668454" total="48" passed="48" failed="0" warnings="0" inconclusive="0" skipped="0" asserts="88">
        <test-suite type="TestFixture" id="1000" name="Rational_should" fullname="Incapsulation.RationalNumbers.Rational_should" classname="Incapsulation.RationalNumbers.Rational_should" runstate="Runnable" testcasecount="48" result="Passed" start-time="2021-02-13 13:01:30Z" end-time="2021-02-13 13:03:34Z" duration="123.662437" total="48" passed="48" failed="0" warnings="0" inconclusive="0" skipped="0" asserts="88">
          <test-case id="1004" name="BeCorrectWithZeroNumerator" fullname="Incapsulation.RationalNumbers.Rational_should.BeCorrectWithZeroNumerator" methodname="BeCorrectWithZeroNumerator" classname="Incapsulation.RationalNumbers.Rational_should" runstate="Runnable" seed="502356245" result="Passed" start-time="2021-02-13 13:01:30Z" end-time="2021-02-13 13:01:30Z" duration="0.027489" asserts="3" />
          <test-case id="1032" name="ConvertFromInt" fullname="Incapsulation.RationalNumbers.Rational_should.ConvertFromInt" methodname="ConvertFromInt" classname="Incapsulation.RationalNumbers.Rational_should" runstate="Runnable" seed="484525337" result="Passed" start-time="2021-02-13 13:01:30Z" end-time="2021-02-13 13:01:30Z" duration="0.005060" asserts="3" />
          <test-suite type="ParameterizedMethod" id="1031" name="ConvertToDouble" fullname="Incapsulation.RationalNumbers.Rational_should.ConvertToDouble" classname="Incapsulation.RationalNumbers.Rational_should" runstate="Runnable" testcasecount="6" result="Passed" start-time="2021-02-13 13:01:30Z" end-time="2021-02-13 13:01:30Z" duration="0.039228" total="6" passed="6" failed="0" warnings="0" inconclusive="0" skipped="0" asserts="6">
            <test-case id="1025" name="ConvertToDouble(1,2,0.5d)" fullname="Incapsulation.RationalNumbers.Rational_should.ConvertToDouble(1,2,0.5d)" methodname="ConvertToDouble" classname="Incapsulation.RationalNumbers.Rational_should" runstate="Runnable" seed="2096124930" result="Passed" start-time="2021-02-13 13:01:30Z" end-time="2021-02-13 13:01:30Z" duration="0.009083" asserts="1" />
            <test-case id="1026" name="ConvertToDouble(10,5,2.0d)" fullname="Incapsulation.RationalNumbers.Rational_should.ConvertToDouble(10,5,2.0d)" methodname="ConvertToDouble" classname="Incapsulation.RationalNumbers.Rational_should" runstate="Runnable" seed="1239508451" result="Passed" start-time="2021-02-13 13:01:30Z" end-time="2021-02-13 13:01:30Z" duration="0.000125" asserts="1" />
            <test-case id="1027" name="ConvertToDouble(-1,5,-0.2d)" fullname="Incapsulation.RationalNumbers.Rational_should.ConvertToDouble(-1,5,-0.2d)" methodname="ConvertToDouble" classname="Incapsulation.RationalNumbers.Rational_should" runstate="Runnable" seed="2050925561" result="Passed" start-time="2021-02-13 13:01:30Z" end-time="2021-02-13 13:01:30Z" duration="0.000114" asserts="1" />
            <test-case id="1028" name="ConvertToDouble(10,0,double.NaN)" fullname="Incapsulation.RationalNumbers.Rational_should.ConvertToDouble(10,0,double.NaN)" methodname="ConvertToDouble" classname="Incapsulation.RationalNumbers.Rational_should" runstate="Runnable" seed="528755045" result="Passed" start-time="2021-02-13 13:01:30Z" end-time="2021-02-13 13:01:30Z" duration="0.002657" asserts="1" />
            <test-case id="1029" name="ConvertToDouble(-10,0,double.NaN)" fullname="Incapsulation.RationalNumbers.Rational_should.ConvertToDouble(-10,0,double.NaN)" methodname="ConvertToDouble" classname="Incapsulation.RationalNumbers.Rational_should" runstate="Runnable" seed="1400854401" result="Passed" start-time="2021-02-13 13:01:30Z" end-time="2021-02-13 13:01:30Z" duration="0.000171" asserts="1" />
            <test-case id="1030" name="ConvertToDouble(0,0,double.NaN)" fullname="Incapsulation.RationalNumbers.Rational_should.ConvertToDouble(0,0,double.NaN)" methodname="ConvertToDouble" classname="Incapsulation.RationalNumbers.Rational_should" runstate="Runnable" seed="518047052" result="Passed" start-time="2021-02-13 13:01:30Z" end-time="2021-02-13 13:01:30Z" duration="0.000101" asserts="1" />
          </test-suite>
          <test-case id="1022" name="Divide" fullname="Incapsulation.RationalNumbers.Rational_should.Divide" methodname="Divide" classname="Incapsulation.RationalNumbers.Rational_should" runstate="Runnable" seed="1924929183" result="Passed" start-time="2021-02-13 13:01:30Z" end-time="2021-02-13 13:01:30Z" duration="0.000823" asserts="3" />
          <test-case id="1024" name="DivideToZero" fullname="Incapsulation.RationalNumbers.Rational_should.DivideToZero" methodname="DivideToZero" classname="Incapsulation.RationalNumbers.Rational_should" runstate="Runnable" seed="2016023031" result="Passed" start-time="2021-02-13 13:01:30Z" end-time="2021-02-13 13:01:30Z" duration="0.001223" asserts="1" />
          <test-case id="1023" name="DivideWithNan" fullname="Incapsulation.RationalNumbers.Rational_should.DivideWithNan" methodname="DivideWithNan" classname="Incapsulation.RationalNumbers.Rational_should" runstate="Runnable" seed="165679436" result="Passed" start-time="2021-02-13 13:01:30Z" end-time="2021-02-13 13:01:30Z" duration="0.001288" asserts="2" />
          <test-suite type="ParameterizedMethod" id="1045" name="ExplicitlyConvertToInt" fullname="Incapsulation.RationalNumbers.Rational_should.ExplicitlyConvertToInt" classname="Incapsulation.RationalNumbers.Rational_should" runstate="Runnable" testcasecount="12" result="Passed" start-time="2021-02-13 13:01:30Z" end-time="2021-02-13 13:01:30Z" duration="0.049999" total="12" passed="12" failed="0" warnings="0" inconclusive="0" skipped="0" asserts="12">
            <test-case id="1033" name="ExplicitlyConvertToInt(0,1,0)" fullname="Incapsulation.RationalNumbers.Rational_should.ExplicitlyConvertToInt(0,1,0)" methodname="ExplicitlyConvertToInt" classname="Incapsulation.RationalNumbers.Rational_should" runstate="Runnable" seed="1210768957" result="Passed" start-time="2021-02-13 13:01:30Z" end-time="2021-02-13 13:01:30Z" duration="0.000576" asserts="1" />
            <test-case id="1034" name="ExplicitlyConvertToInt(1,1,1)" fullname="Incapsulation.RationalNumbers.Rational_should.ExplicitlyConvertToInt(1,1,1)" methodname="ExplicitlyConvertToInt" classname="Incapsulation.RationalNumbers.Rational_should" runstate="Runnable" seed="1203270526" result="Passed" start-time="2021-02-13 13:01:30Z" end-time="2021-02-13 13:01:30Z" duration="0.000148" asserts="1" />
            <test-case id="1035" name="ExplicitlyConvertToInt(2,1,2)" fullname="Incapsulation.RationalNumbers.Rational_should.ExplicitlyConvertToInt(2,1,2)" methodname="ExplicitlyConvertToInt" classname="Incapsulation.RationalNumbers.Rational_should" runstate="Runnable" seed="537420890" result="Passed" start-time="2021-02-13 13:01:30Z" end-time="2021-02-13 13:01:30Z" duration="0.000124" asserts="1" />
            <test-case id="1036" name="ExplicitlyConvertToInt(3,1,3)" fullname="Incapsulation.RationalNumbers.Rational_should.ExplicitlyConvertToInt(3,1,3)" methodname="ExplicitlyConvertToInt" classname="Incapsulation.RationalNumbers.Rational_should" runstate="Runnable" seed="1804182459" result="Passed" start-time="2021-02-13 13:01:30Z" end-time="2021-02-13 13:01:30Z" duration="0.000397" asserts="1" />
            <test-case id="1037" name="ExplicitlyConvertToInt(2,2,1)" fullname="Incapsulation.RationalNumbers.Rational_should.ExplicitlyConvertToInt(2,2,1)" methodname="ExplicitlyConvertToInt" classname="Incapsulation.RationalNumbers.Rational_should" runstate="Runnable" seed="815369210" result="Passed" start-time="2021-02-13 13:01:30Z" end-time="2021-02-13 13:01:30Z" duration="0.000529" asserts="1" />
            <test-case id="1038" name="ExplicitlyConvertToInt(6,3,2)" fullname="Incapsulation.RationalNumbers.Rational_should.ExplicitlyConvertToInt(6,3,2)" methodname="ExplicitlyConvertToInt" classname="Incapsulation.RationalNumbers.Rational_should" runstate="Runnable" seed="97036124" result="Passed" start-time="2021-02-13 13:01:30Z" end-time="2021-02-13 13:01:30Z" duration="0.000240" asserts="1" />
            <test-case id="1039" name="ExplicitlyConvertToInt(12,2,6)" fullname="Incapsulation.RationalNumbers.Rational_should.ExplicitlyConvertToInt(12,2,6)" methodname="ExplicitlyConvertToInt" classname="Incapsulation.RationalNumbers.Rational_should" runstate="Runnable" seed="433302701" result="Passed" start-time="2021-02-13 13:01:30Z" end-time="2021-02-13 13:01:30Z" duration="0.000151" asserts="1" />
            <test-case id="1040" name="ExplicitlyConvertToInt(12,3,4)" fullname="Incapsulation.RationalNumbers.Rational_should.ExplicitlyConvertToInt(12,3,4)" methodname="ExplicitlyConvertToInt" classname="Incapsulation.RationalNumbers.Rational_should" runstate="Runnable" seed="1419087043" result="Passed" start-time="2021-02-13 13:01:30Z" end-time="2021-02-13 13:01:30Z" duration="0.000154" asserts="1" />
            <test-case id="1041" name="ExplicitlyConvertToInt(12,4,3)" fullname="Incapsulation.RationalNumbers.Rational_should.ExplicitlyConvertToInt(12,4,3)" methodname="ExplicitlyConvertToInt" classname="Incapsulation.RationalNumbers.Rational_should" runstate="Runnable" seed="2030661245" result="Passed" start-time="2021-02-13 13:01:30Z" end-time="2021-02-13 13:01:30Z" duration="0.000146" asserts="1" />
            <test-case id="1042" name="ExplicitlyConvertToInt(12,6,2)" fullname="Incapsulation.RationalNumbers.Rational_should.ExplicitlyConvertToInt(12,6,2)" methodname="ExplicitlyConvertToInt" classname="Incapsulation.RationalNumbers.Rational_should" runstate="Runnable" seed="1158404079" result="Passed" start-time="2021-02-13 13:01:30Z" end-time="2021-02-13 13:01:30Z" duration="0.000105" asserts="1" />
            <test-case id="1043" name="ExplicitlyConvertToInt(12,12,1)" fullname="Incapsulation.RationalNumbers.Rational_should.ExplicitlyConvertToInt(12,12,1)" methodname="ExplicitlyConvertToInt" classname="Incapsulation.RationalNumbers.Rational_should" runstate="Runnable" seed="528125658" result="Passed" start-time="2021-02-13 13:01:30Z" end-time="2021-02-13 13:01:30Z" duration="0.000150" asserts="1" />
            <test-case id="1044" name="ExplicitlyConvertToInt(1000,1,1000)" fullname="Incapsulation.RationalNumbers.Rational_should.ExplicitlyConvertToInt(1000,1,1000)" methodname="ExplicitlyConvertToInt" classname="Incapsulation.RationalNumbers.Rational_should" runstate="Runnable" seed="213411496" result="Passed" start-time="2021-02-13 13:01:30Z" end-time="2021-02-13 13:01:30Z" duration="0.000349" asserts="1" />
          </test-suite>
          <test-suite type="ParameterizedMethod" id="1052" name="ExplicitlyConvertToIntAndFailsIfNonConvertible" fullname="Incapsulation.RationalNumbers.Rational_should.ExplicitlyConvertToIntAndFailsIfNonConvertible" classname="Incapsulation.RationalNumbers.Rational_should" runstate="Runnable" testcasecount="6" result="Passed" start-time="2021-02-13 13:01:30Z" end-time="2021-02-13 13:01:52Z" duration="22.050312" total="6" passed="6" failed="0" warnings="0" inconclusive="0" skipped="0" asserts="6">
            <test-case id="1046" name="ExplicitlyConvertToIntAndFailsIfNonConvertible(1,2)" fullname="Incapsulation.RationalNumbers.Rational_should.ExplicitlyConvertToIntAndFailsIfNonConvertible(1,2)" methodname="ExplicitlyConvertToIntAndFailsIfNonConvertible" classname="Incapsulation.RationalNumbers.Rational_should" runstate="Runnable" seed="987872080" result="Passed" start-time="2021-02-13 13:01:30Z" end-time="2021-02-13 13:01:37Z" duration="6.855588" asserts="1" />
            <test-case id="1047" name="ExplicitlyConvertToIntAndFailsIfNonConvertible(12,5)" fullname="Incapsulation.RationalNumbers.Rational_should.ExplicitlyConvertToIntAndFailsIfNonConvertible(12,5)" methodname="ExplicitlyConvertToIntAndFailsIfNonConvertible" classname="Incapsulation.RationalNumbers.Rational_should" runstate="Runnable" seed="1066316458" result="Passed" start-time="2021-02-13 13:01:37Z" end-time="2021-02-13 13:01:39Z" duration="1.956670" asserts="1" />
            <test-case id="1048" name="ExplicitlyConvertToIntAndFailsIfNonConvertible(12,10)" fullname="Incapsulation.RationalNumbers.Rational_should.ExplicitlyConvertToIntAndFailsIfNonConvertible(12,10)" methodname="ExplicitlyConvertToIntAndFailsIfNonConvertible" classname="Incapsulation.RationalNumbers.Rational_should" runstate="Runnable" seed="1588304069" result="Passed" start-time="2021-02-13 13:01:39Z" end-time="2021-02-13 13:01:43Z" duration="3.548963" asserts="1" />
            <test-case id="1049" name="ExplicitlyConvertToIntAndFailsIfNonConvertible(25,8)" fullname="Incapsulation.RationalNumbers.Rational_should.ExplicitlyConvertToIntAndFailsIfNonConvertible(25,8)" methodname="ExplicitlyConvertToIntAndFailsIfNonConvertible" classname="Incapsulation.RationalNumbers.Rational_should" runstate="Runnable" seed="1103624868" result="Passed" start-time="2021-02-13 13:01:43Z" end-time="2021-02-13 13:01:46Z" duration="3.689002" asserts="1" />
            <test-case id="1050" name="ExplicitlyConvertToIntAndFailsIfNonConvertible(2,3)" fullname="Incapsulation.RationalNumbers.Rational_should.ExplicitlyConvertToIntAndFailsIfNonConvertible(2,3)" methodname="ExplicitlyConvertToIntAndFailsIfNonConvertible" classname="Incapsulation.RationalNumbers.Rational_should" runstate="Runnable" seed="2087055543" result="Passed" start-time="2021-02-13 13:01:46Z" end-time="2021-02-13 13:01:49Z" duration="3.001618" asserts="1" />
            <test-case id="1051" name="ExplicitlyConvertToIntAndFailsIfNonConvertible(2,4)" fullname="Incapsulation.RationalNumbers.Rational_should.ExplicitlyConvertToIntAndFailsIfNonConvertible(2,4)" methodname="ExplicitlyConvertToIntAndFailsIfNonConvertible" classname="Incapsulation.RationalNumbers.Rational_should" runstate="Runnable" seed="1226741271" result="Passed" start-time="2021-02-13 13:01:49Z" end-time="2021-02-13 13:01:52Z" duration="2.975862" asserts="1" />
          </test-suite>
          <test-suite type="ParameterizedMethod" id="1015" name="InitializeAndReduce1" fullname="Incapsulation.RationalNumbers.Rational_should.InitializeAndReduce1" classname="Incapsulation.RationalNumbers.Rational_should" runstate="Runnable" testcasecount="10" result="Passed" start-time="2021-02-13 13:01:52Z" end-time="2021-02-13 13:02:21Z" duration="28.410077" total="10" passed="10" failed="0" warnings="0" inconclusive="0" skipped="0" asserts="30">
            <test-case id="1005" name="InitializeAndReduce1(1,2,2,4)" fullname="Incapsulation.RationalNumbers.Rational_should.InitializeAndReduce1(1,2,2,4)" methodname="InitializeAndReduce1" classname="Incapsulation.RationalNumbers.Rational_should" runstate="Runnable" seed="1935558806" result="Passed" start-time="2021-02-13 13:01:52Z" end-time="2021-02-13 13:01:59Z" duration="6.622707" asserts="3" />
            <test-case id="1006" name="InitializeAndReduce1(-1,2,-2,4)" fullname="Incapsulation.RationalNumbers.Rational_should.InitializeAndReduce1(-1,2,-2,4)" methodname="InitializeAndReduce1" classname="Incapsulation.RationalNumbers.Rational_should" runstate="Runnable" seed="638320695" result="Passed" start-time="2021-02-13 13:01:59Z" end-time="2021-02-13 13:02:00Z" duration="1.502729" asserts="3" />
            <test-case id="1007" name="InitializeAndReduce1(-1,2,2,-4)" fullname="Incapsulation.RationalNumbers.Rational_should.InitializeAndReduce1(-1,2,2,-4)" methodname="InitializeAndReduce1" classname="Incapsulation.RationalNumbers.Rational_should" runstate="Runnable" seed="981696043" result="Passed" start-time="2021-02-13 13:02:00Z" end-time="2021-02-13 13:02:02Z" duration="1.458065" asserts="3" />
            <test-case id="1008" name="InitializeAndReduce1(1,2,-2,-4)" fullname="Incapsulation.RationalNumbers.Rational_should.InitializeAndReduce1(1,2,-2,-4)" methodname="InitializeAndReduce1" classname="Incapsulation.RationalNumbers.Rational_should" runstate="Runnable" seed="482352077" result="Passed" start-time="2021-02-13 13:02:02Z" end-time="2021-02-13 13:02:03Z" duration="1.417928" asserts="3" />
            <test-case id="1009" name="InitializeAndReduce1(1,2,1,2)" fullname="Incapsulation.RationalNumbers.Rational_should.InitializeAndReduce1(1,2,1,2)" methodname="InitializeAndReduce1" classname="Incapsulation.RationalNumbers.Rational_should" runstate="Runnable" seed="793000543" result="Passed" start-time="2021-02-13 13:02:03Z" end-time="2021-02-13 13:02:05Z" duration="1.408627" asserts="3" />
            <test-case id="1010" name="InitializeAndReduce1(1,2,8,16)" fullname="Incapsulation.RationalNumbers.Rational_should.InitializeAndReduce1(1,2,8,16)" methodname="InitializeAndReduce1" classname="Incapsulation.RationalNumbers.Rational_should" runstate="Runnable" seed="246229020" result="Passed" start-time="2021-02-13 13:02:05Z" end-time="2021-02-13 13:02:07Z" duration="2.673328" asserts="3" />
            <test-case id="1011" name="InitializeAndReduce1(2,3,10,15)" fullname="Incapsulation.RationalNumbers.Rational_should.InitializeAndReduce1(2,3,10,15)" methodname="InitializeAndReduce1" classname="Incapsulation.RationalNumbers.Rational_should" runstate="Runnable" seed="942991068" result="Passed" start-time="2021-02-13 13:02:07Z" end-time="2021-02-13 13:02:12Z" duration="4.216054" asserts="3" />
            <test-case id="1012" name="InitializeAndReduce1(4,7,16,28)" fullname="Incapsulation.RationalNumbers.Rational_should.InitializeAndReduce1(4,7,16,28)" methodname="InitializeAndReduce1" classname="Incapsulation.RationalNumbers.Rational_should" runstate="Runnable" seed="1405018304" result="Passed" start-time="2021-02-13 13:02:12Z" end-time="2021-02-13 13:02:15Z" duration="3.565311" asserts="3" />
            <test-case id="1013" name="InitializeAndReduce1(3,256,12,1024)" fullname="Incapsulation.RationalNumbers.Rational_should.InitializeAndReduce1(3,256,12,1024)" methodname="InitializeAndReduce1" classname="Incapsulation.RationalNumbers.Rational_should" runstate="Runnable" seed="707654931" result="Passed" start-time="2021-02-13 13:02:15Z" end-time="2021-02-13 13:02:18Z" duration="2.365310" asserts="3" />
            <test-case id="1014" name="InitializeAndReduce1(1,1,1,1)" fullname="Incapsulation.RationalNumbers.Rational_should.InitializeAndReduce1(1,1,1,1)" methodname="InitializeAndReduce1" classname="Incapsulation.RationalNumbers.Rational_should" runstate="Runnable" seed="668545144" result="Passed" start-time="2021-02-13 13:02:18Z" end-time="2021-02-13 13:02:21Z" duration="3.144402" asserts="3" />
          </test-suite>
          <test-case id="1001" name="InitializeSimpleRatioCorrectly" fullname="Incapsulation.RationalNumbers.Rational_should.InitializeSimpleRatioCorrectly" methodname="InitializeSimpleRatioCorrectly" classname="Incapsulation.RationalNumbers.Rational_should" runstate="Runnable" seed="999796557" result="Passed" start-time="2021-02-13 13:02:21Z" end-time="2021-02-13 13:02:32Z" duration="11.384122" asserts="3" />
          <test-case id="1002" name="InitializeWithoutDenominator" fullname="Incapsulation.RationalNumbers.Rational_should.InitializeWithoutDenominator" methodname="InitializeWithoutDenominator" classname="Incapsulation.RationalNumbers.Rational_should" runstate="Runnable" seed="1124972629" result="Passed" start-time="2021-02-13 13:02:32Z" end-time="2021-02-13 13:02:51Z" duration="19.016347" asserts="3" />
          <test-case id="1003" name="InitializeWithZeroDenominator" fullname="Incapsulation.RationalNumbers.Rational_should.InitializeWithZeroDenominator" methodname="InitializeWithZeroDenominator" classname="Incapsulation.RationalNumbers.Rational_should" runstate="Runnable" seed="966933870" result="Passed" start-time="2021-02-13 13:02:51Z" end-time="2021-02-13 13:02:54Z" duration="2.573605" asserts="1" />
          <test-case id="1020" name="Multiply" fullname="Incapsulation.RationalNumbers.Rational_should.Multiply" methodname="Multiply" classname="Incapsulation.RationalNumbers.Rational_should" runstate="Runnable" seed="698404155" result="Passed" start-time="2021-02-13 13:02:54Z" end-time="2021-02-13 13:02:58Z" duration="4.031043" asserts="3" />
          <test-case id="1021" name="MultiplyWithNan" fullname="Incapsulation.RationalNumbers.Rational_should.MultiplyWithNan" methodname="MultiplyWithNan" classname="Incapsulation.RationalNumbers.Rational_should" runstate="Runnable" seed="56639066" result="Passed" start-time="2021-02-13 13:02:58Z" end-time="2021-02-13 13:03:09Z" duration="11.671084" asserts="2" />
          <test-case id="1018" name="Subtract" fullname="Incapsulation.RationalNumbers.Rational_should.Subtract" methodname="Subtract" classname="Incapsulation.RationalNumbers.Rational_should" runstate="Runnable" seed="694793797" result="Passed" start-time="2021-02-13 13:03:09Z" end-time="2021-02-13 13:03:15Z" duration="5.755244" asserts="3" />
          <test-case id="1019" name="SubtractWithNan" fullname="Incapsulation.RationalNumbers.Rational_should.SubtractWithNan" methodname="SubtractWithNan" classname="Incapsulation.RationalNumbers.Rational_should" runstate="Runnable" seed="2013803262" result="Passed" start-time="2021-02-13 13:03:15Z" end-time="2021-02-13 13:03:27Z" duration="11.522361" asserts="2" />
          <test-case id="1016" name="Sum" fullname="Incapsulation.RationalNumbers.Rational_should.Sum" methodname="Sum" classname="Incapsulation.RationalNumbers.Rational_should" runstate="Runnable" seed="1137209738" result="Passed" start-time="2021-02-13 13:03:27Z" end-time="2021-02-13 13:03:29Z" duration="2.692031" asserts="3" />
          <test-case id="1017" name="SumWithNan" fullname="Incapsulation.RationalNumbers.Rational_should.SumWithNan" methodname="SumWithNan" classname="Incapsulation.RationalNumbers.Rational_should" runstate="Runnable" seed="728472082" result="Passed" start-time="2021-02-13 13:03:29Z" end-time="2021-02-13 13:03:34Z" duration="4.346269" asserts="2" />
        </test-suite>
      </test-suite>
    </test-suite>
  </test-suite>
</test-run>