<?xml version="1.0" encoding="utf-8"?>
<test-run id="2" name="Generics.BinaryTree.exe" fullname="D:/обучение/Generics.BinaryTrees.csproj/bin/Debug/Generics.BinaryTree.exe" testcasecount="8" result="Passed" start-time="2021-02-21 10:44:27Z" end-time="2021-02-21 10:44:43Z" duration="16.455355" total="8" passed="8" failed="0" inconclusive="0" skipped="0" asserts="10" random-seed="929423754">
  <command-line><![CDATA["D:\обучение\Generics.BinaryTrees.csproj\bin\Debug\Generics.BinaryTree.exe" ]]></command-line>
  <filter />
  <test-suite type="Assembly" id="1009" name="Generics.BinaryTree.exe" fullname="D:/обучение/Generics.BinaryTrees.csproj/bin/Debug/Generics.BinaryTree.exe" runstate="Runnable" testcasecount="8" result="Passed" start-time="2021-02-21 10:44:27Z" end-time="2021-02-21 10:44:43Z" duration="16.455355" total="8" passed="8" failed="0" warnings="0" inconclusive="0" skipped="0" asserts="10">
    <environment framework-version="3.6.0.0" clr-version="4.0.30319.42000" os-version="Microsoft Windows NT 6.2.9200.0" platform="Win32NT" cwd="D:\обучение\Generics.BinaryTrees.csproj\bin\Debug" machine-name="DESKTOP-1LCDLH7" user="user" user-domain="DESKTOP-1LCDLH7" culture="en-US" uiculture="ru-RU" os-architecture="x86" />
    <settings>
      <setting name="WorkDirectory" value="D:\обучение\Generics.BinaryTrees.csproj\bin\Debug" />
      <setting name="NumberOfTestWorkers" value="4" />
    </settings>
    <properties>
      <property name="_PID" value="15420" />
      <property name="_APPDOMAIN" value="Generics.BinaryTree.exe" />
    </properties>
    <test-suite type="TestSuite" id="1010" name="Generics" fullname="Generics" runstate="Runnable" testcasecount="8" result="Passed" start-time="2021-02-21 10:44:27Z" end-time="2021-02-21 10:44:43Z" duration="16.442443" total="8" passed="8" failed="0" warnings="0" inconclusive="0" skipped="0" asserts="10">
      <test-suite type="TestSuite" id="1011" name="BinaryTrees" fullname="Generics.BinaryTrees" runstate="Runnable" testcasecount="8" result="Passed" start-time="2021-02-21 10:44:27Z" end-time="2021-02-21 10:44:43Z" duration="16.439371" total="8" passed="8" failed="0" warnings="0" inconclusive="0" skipped="0" asserts="10">
        <test-suite type="TestFixture" id="1000" name="BinaryTree_should" fullname="Generics.BinaryTrees.BinaryTree_should" classname="Generics.BinaryTrees.BinaryTree_should" runstate="Runnable" testcasecount="8" result="Passed" start-time="2021-02-21 10:44:27Z" end-time="2021-02-21 10:44:43Z" duration="16.433507" total="8" passed="8" failed="0" warnings="0" inconclusive="0" skipped="0" asserts="10">
          <test-case id="1001" name="BeEmptyWhenCreated" fullname="Generics.BinaryTrees.BinaryTree_should.BeEmptyWhenCreated" methodname="BeEmptyWhenCreated" classname="Generics.BinaryTrees.BinaryTree_should" runstate="Runnable" seed="370411008" result="Passed" start-time="2021-02-21 10:44:27Z" end-time="2021-02-21 10:44:27Z" duration="0.019549" asserts="1" />
          <test-case id="1007" name="CanStoreDefaultValueOfT" fullname="Generics.BinaryTrees.BinaryTree_should.CanStoreDefaultValueOfT" methodname="CanStoreDefaultValueOfT" classname="Generics.BinaryTrees.BinaryTree_should" runstate="Runnable" seed="1249887882" result="Passed" start-time="2021-02-21 10:44:27Z" end-time="2021-02-21 10:44:27Z" duration="0.011122" asserts="1" />
          <test-case id="1008" name="EnumerationIsLazy" fullname="Generics.BinaryTrees.BinaryTree_should.EnumerationIsLazy" methodname="EnumerationIsLazy" classname="Generics.BinaryTrees.BinaryTree_should" runstate="Runnable" seed="2068435642" result="Passed" start-time="2021-02-21 10:44:27Z" end-time="2021-02-21 10:44:33Z" duration="6.179207" asserts="0" />
          <test-case id="1005" name="InitializeFromAnArrayAndSort1" fullname="Generics.BinaryTrees.BinaryTree_should.InitializeFromAnArrayAndSort1" methodname="InitializeFromAnArrayAndSort1" classname="Generics.BinaryTrees.BinaryTree_should" runstate="Runnable" seed="522379630" result="Passed" start-time="2021-02-21 10:44:33Z" end-time="2021-02-21 10:44:39Z" duration="6.053473" asserts="1" />
          <test-case id="1006" name="InitializeFromAnArrayAndSort2" fullname="Generics.BinaryTrees.BinaryTree_should.InitializeFromAnArrayAndSort2" methodname="InitializeFromAnArrayAndSort2" classname="Generics.BinaryTrees.BinaryTree_should" runstate="Runnable" seed="1460911399" result="Passed" start-time="2021-02-21 10:44:39Z" end-time="2021-02-21 10:44:39Z" duration="0.000252" asserts="1" />
          <test-case id="1003" name="PlaceEqualElementToLeft" fullname="Generics.BinaryTrees.BinaryTree_should.PlaceEqualElementToLeft" methodname="PlaceEqualElementToLeft" classname="Generics.BinaryTrees.BinaryTree_should" runstate="Runnable" seed="1122606645" result="Passed" start-time="2021-02-21 10:44:39Z" end-time="2021-02-21 10:44:43Z" duration="4.125210" asserts="2" />
          <test-case id="1004" name="PlaceGreaterElementToRight" fullname="Generics.BinaryTrees.BinaryTree_should.PlaceGreaterElementToRight" methodname="PlaceGreaterElementToRight" classname="Generics.BinaryTrees.BinaryTree_should" runstate="Runnable" seed="1293751005" result="Passed" start-time="2021-02-21 10:44:43Z" end-time="2021-02-21 10:44:43Z" duration="0.000266" asserts="2" />
          <test-case id="1002" name="PlaceLesserElementToLeft" fullname="Generics.BinaryTrees.BinaryTree_should.PlaceLesserElementToLeft" methodname="PlaceLesserElementToLeft" classname="Generics.BinaryTrees.BinaryTree_should" runstate="Runnable" seed="1666319805" result="Passed" start-time="2021-02-21 10:44:43Z" end-time="2021-02-21 10:44:43Z" duration="0.000307" asserts="2" />
        </test-suite>
      </test-suite>
    </test-suite>
  </test-suite>
</test-run>